[debug] [2025-05-22T02:57:24.998Z] ----------------------------------------------------------------------
[debug] [2025-05-22T02:57:25.000Z] Command:       /Users/swopnil/.nvm/versions/node/v22.15.0/bin/node /Users/swopnil/.nvm/versions/node/v22.15.0/bin/firebase emulators:start --only functions
[debug] [2025-05-22T02:57:25.000Z] CLI Version:   14.4.0
[debug] [2025-05-22T02:57:25.000Z] Platform:      darwin
[debug] [2025-05-22T02:57:25.000Z] Node Version:  v22.15.0
[debug] [2025-05-22T02:57:25.001Z] Time:          Thu May 22 2025 12:57:25 GMT+1000 (Australian Eastern Standard Time)
[debug] [2025-05-22T02:57:25.001Z] ----------------------------------------------------------------------
[debug] 
[debug] [2025-05-22T02:57:25.124Z] > command requires scopes: ["email","openid","https://www.googleapis.com/auth/cloudplatformprojects.readonly","https://www.googleapis.com/auth/firebase","https://www.googleapis.com/auth/cloud-platform"]
[debug] [2025-05-22T02:57:25.124Z] > authorizing via signed-in user (20027648@students.koi.edu.au)
[info] i  emulators: Starting emulators: functions {"metadata":{"emulator":{"name":"hub"},"message":"Starting emulators: functions"}}
[debug] [2025-05-22T02:57:27.182Z] [logging] Logging Emulator only supports listening on one address (127.0.0.1). Not listening on ::1
[debug] [2025-05-22T02:57:27.182Z] assigned listening specs for emulators {"user":{"hub":[{"address":"127.0.0.1","family":"IPv4","port":4400},{"address":"::1","family":"IPv6","port":4400}],"ui":[{"address":"127.0.0.1","family":"IPv4","port":4000},{"address":"::1","family":"IPv6","port":4000}],"logging":[{"address":"127.0.0.1","family":"IPv4","port":4500}]},"metadata":{"message":"assigned listening specs for emulators"}}
[debug] [2025-05-22T02:57:27.185Z] [hub] writing locator at /var/folders/zt/c5lx3tqd55nft2807mpgx7_00000gp/T/hub-intellectachatapp.json
[debug] [2025-05-22T02:57:29.247Z] [functions] Functions Emulator only supports listening on one address (127.0.0.1). Not listening on ::1
[debug] [2025-05-22T02:57:29.247Z] [eventarc] Eventarc Emulator only supports listening on one address (127.0.0.1). Not listening on ::1
[debug] [2025-05-22T02:57:29.247Z] [tasks] Cloud Tasks Emulator only supports listening on one address (127.0.0.1). Not listening on ::1
[debug] [2025-05-22T02:57:29.247Z] late-assigned ports for functions and eventarc emulators {"user":{"hub":[{"address":"127.0.0.1","family":"IPv4","port":4400},{"address":"::1","family":"IPv6","port":4400}],"ui":[{"address":"127.0.0.1","family":"IPv4","port":4000},{"address":"::1","family":"IPv6","port":4000}],"logging":[{"address":"127.0.0.1","family":"IPv4","port":4500}],"functions":[{"address":"127.0.0.1","family":"IPv4","port":5001}],"eventarc":[{"address":"127.0.0.1","family":"IPv4","port":9299}],"tasks":[{"address":"127.0.0.1","family":"IPv4","port":9499}]},"metadata":{"message":"late-assigned ports for functions and eventarc emulators"}}
[warn] ⚠  functions: The following emulators are not running, calls to these services from the Functions emulator will affect production: apphosting, auth, firestore, database, hosting, pubsub, storage, dataconnect {"metadata":{"emulator":{"name":"functions"},"message":"The following emulators are not running, calls to these services from the Functions emulator will affect production: \u001b[1mapphosting, auth, firestore, database, hosting, pubsub, storage, dataconnect\u001b[22m"}}
[debug] [2025-05-22T02:57:29.252Z] defaultcredentials: writing to file /Users/swopnil/.config/firebase/20027648_students_koi.edu.au_application_default_credentials.json
[debug] [2025-05-22T02:57:29.253Z] Setting GAC to /Users/swopnil/.config/firebase/20027648_students_koi.edu.au_application_default_credentials.json {"metadata":{"emulator":{"name":"functions"},"message":"Setting GAC to /Users/swopnil/.config/firebase/20027648_students_koi.edu.au_application_default_credentials.json"}}
[debug] [2025-05-22T02:57:29.254Z] Checked if tokens are valid: true, expires at: 1747885086489
[debug] [2025-05-22T02:57:29.254Z] Checked if tokens are valid: true, expires at: 1747885086489
[debug] [2025-05-22T02:57:29.254Z] >>> [apiv2][query] GET https://firebase.googleapis.com/v1beta1/projects/intellectachatapp/adminSdkConfig [none]
[debug] [2025-05-22T02:57:30.879Z] <<< [apiv2][status] GET https://firebase.googleapis.com/v1beta1/projects/intellectachatapp/adminSdkConfig 200
[debug] [2025-05-22T02:57:30.880Z] <<< [apiv2][body] GET https://firebase.googleapis.com/v1beta1/projects/intellectachatapp/adminSdkConfig {"projectId":"intellectachatapp","databaseURL":"https://intellectachatapp-default-rtdb.asia-southeast1.firebasedatabase.app","storageBucket":"intellectachatapp.firebasestorage.app"}
[info] i  ui: downloading ui-v1.15.0.zip... {"metadata":{"emulator":{"name":"ui"},"message":"downloading ui-v1.15.0.zip..."}}
[debug] [2025-05-22T02:57:30.907Z] >>> [apiv2][query] GET https://storage.googleapis.com/firebase-preview-drop/emulator/ui-v1.15.0.zip 
[debug] [2025-05-22T02:57:31.250Z] <<< [apiv2][status] GET https://storage.googleapis.com/firebase-preview-drop/emulator/ui-v1.15.0.zip 200
[debug] [2025-05-22T02:57:31.251Z] <<< [apiv2][body] GET https://storage.googleapis.com/firebase-preview-drop/emulator/ui-v1.15.0.zip [stream]
[debug] [2025-05-22T02:57:32.144Z] Data is 3538469
[debug] [2025-05-22T02:57:32.144Z] [unzip] Entry: client/ (compressed_size=0 bytes, uncompressed_size=0 bytes)
[debug] [2025-05-22T02:57:32.144Z] [unzip] Processing entry: client/
[debug] [2025-05-22T02:57:32.144Z] [unzip] mkdir: /Users/swopnil/.cache/firebase/emulators/ui-v1.15.0/client/
[debug] [2025-05-22T02:57:32.145Z] [unzip] Entry: client/favicon-16x16.png (compressed_size=293 bytes, uncompressed_size=293 bytes)
[debug] [2025-05-22T02:57:32.145Z] [unzip] Processing entry: client/favicon-16x16.png
[debug] [2025-05-22T02:57:32.145Z] [unzip] else mkdir: /Users/swopnil/.cache/firebase/emulators/ui-v1.15.0/client
[debug] [2025-05-22T02:57:32.145Z] [unzip] Writing file: /Users/swopnil/.cache/firebase/emulators/ui-v1.15.0/client/favicon-16x16.png
[debug] [2025-05-22T02:57:32.145Z] [unzip] Entry: client/safari-pinned-tab.svg (compressed_size=1433 bytes, uncompressed_size=2611 bytes)
[debug] [2025-05-22T02:57:32.145Z] [unzip] Processing entry: client/safari-pinned-tab.svg
[debug] [2025-05-22T02:57:32.145Z] [unzip] else mkdir: /Users/swopnil/.cache/firebase/emulators/ui-v1.15.0/client
[debug] [2025-05-22T02:57:32.145Z] [unzip] deflating: /Users/swopnil/.cache/firebase/emulators/ui-v1.15.0/client/safari-pinned-tab.svg
[debug] [2025-05-22T02:57:32.147Z] [unzip] Entry: client/favicon.ico (compressed_size=2933 bytes, uncompressed_size=13294 bytes)
[debug] [2025-05-22T02:57:32.147Z] [unzip] Processing entry: client/favicon.ico
[debug] [2025-05-22T02:57:32.147Z] [unzip] else mkdir: /Users/swopnil/.cache/firebase/emulators/ui-v1.15.0/client
[debug] [2025-05-22T02:57:32.147Z] [unzip] deflating: /Users/swopnil/.cache/firebase/emulators/ui-v1.15.0/client/favicon.ico
[debug] [2025-05-22T02:57:32.149Z] [unzip] Entry: client/index.html (compressed_size=1364 bytes, uncompressed_size=3071 bytes)
[debug] [2025-05-22T02:57:32.149Z] [unzip] Processing entry: client/index.html
[debug] [2025-05-22T02:57:32.149Z] [unzip] else mkdir: /Users/swopnil/.cache/firebase/emulators/ui-v1.15.0/client
[debug] [2025-05-22T02:57:32.149Z] [unzip] deflating: /Users/swopnil/.cache/firebase/emulators/ui-v1.15.0/client/index.html
[debug] [2025-05-22T02:57:32.149Z] [unzip] Entry: client/android-chrome-192x192.png (compressed_size=2684 bytes, uncompressed_size=2684 bytes)
[debug] [2025-05-22T02:57:32.149Z] [unzip] Processing entry: client/android-chrome-192x192.png
[debug] [2025-05-22T02:57:32.149Z] [unzip] else mkdir: /Users/swopnil/.cache/firebase/emulators/ui-v1.15.0/client
[debug] [2025-05-22T02:57:32.150Z] [unzip] Writing file: /Users/swopnil/.cache/firebase/emulators/ui-v1.15.0/client/android-chrome-192x192.png
[debug] [2025-05-22T02:57:32.150Z] [unzip] Entry: client/apple-touch-icon.png (compressed_size=2123 bytes, uncompressed_size=2152 bytes)
[debug] [2025-05-22T02:57:32.150Z] [unzip] Processing entry: client/apple-touch-icon.png
[debug] [2025-05-22T02:57:32.150Z] [unzip] else mkdir: /Users/swopnil/.cache/firebase/emulators/ui-v1.15.0/client
[debug] [2025-05-22T02:57:32.150Z] [unzip] deflating: /Users/swopnil/.cache/firebase/emulators/ui-v1.15.0/client/apple-touch-icon.png
[debug] [2025-05-22T02:57:32.151Z] [unzip] Entry: client/android-chrome-512x512.png (compressed_size=5369 bytes, uncompressed_size=5411 bytes)
[debug] [2025-05-22T02:57:32.151Z] [unzip] Processing entry: client/android-chrome-512x512.png
[debug] [2025-05-22T02:57:32.151Z] [unzip] else mkdir: /Users/swopnil/.cache/firebase/emulators/ui-v1.15.0/client
[debug] [2025-05-22T02:57:32.151Z] [unzip] deflating: /Users/swopnil/.cache/firebase/emulators/ui-v1.15.0/client/android-chrome-512x512.png
[debug] [2025-05-22T02:57:32.151Z] [unzip] Entry: client/manifest.json (compressed_size=245 bytes, uncompressed_size=551 bytes)
[debug] [2025-05-22T02:57:32.151Z] [unzip] Processing entry: client/manifest.json
[debug] [2025-05-22T02:57:32.151Z] [unzip] else mkdir: /Users/swopnil/.cache/firebase/emulators/ui-v1.15.0/client
[debug] [2025-05-22T02:57:32.152Z] [unzip] deflating: /Users/swopnil/.cache/firebase/emulators/ui-v1.15.0/client/manifest.json
[debug] [2025-05-22T02:57:32.152Z] [unzip] Entry: client/robots.txt (compressed_size=26 bytes, uncompressed_size=26 bytes)
[debug] [2025-05-22T02:57:32.152Z] [unzip] Processing entry: client/robots.txt
[debug] [2025-05-22T02:57:32.152Z] [unzip] else mkdir: /Users/swopnil/.cache/firebase/emulators/ui-v1.15.0/client
[debug] [2025-05-22T02:57:32.152Z] [unzip] Writing file: /Users/swopnil/.cache/firebase/emulators/ui-v1.15.0/client/robots.txt
[debug] [2025-05-22T02:57:32.153Z] [unzip] Entry: client/mstile-150x150.png (compressed_size=2034 bytes, uncompressed_size=2034 bytes)
[debug] [2025-05-22T02:57:32.153Z] [unzip] Processing entry: client/mstile-150x150.png
[debug] [2025-05-22T02:57:32.153Z] [unzip] else mkdir: /Users/swopnil/.cache/firebase/emulators/ui-v1.15.0/client
[debug] [2025-05-22T02:57:32.153Z] [unzip] Writing file: /Users/swopnil/.cache/firebase/emulators/ui-v1.15.0/client/mstile-150x150.png
[debug] [2025-05-22T02:57:32.153Z] [unzip] Entry: client/assets/ (compressed_size=0 bytes, uncompressed_size=0 bytes)
[debug] [2025-05-22T02:57:32.153Z] [unzip] Processing entry: client/assets/
[debug] [2025-05-22T02:57:32.153Z] [unzip] mkdir: /Users/swopnil/.cache/firebase/emulators/ui-v1.15.0/client/assets/
[debug] [2025-05-22T02:57:32.153Z] [unzip] Entry: client/assets/index-BX-A56oj.js (compressed_size=582089 bytes, uncompressed_size=2092775 bytes)
[debug] [2025-05-22T02:57:32.153Z] [unzip] Processing entry: client/assets/index-BX-A56oj.js
[debug] [2025-05-22T02:57:32.153Z] [unzip] else mkdir: /Users/swopnil/.cache/firebase/emulators/ui-v1.15.0/client/assets
[debug] [2025-05-22T02:57:32.154Z] [unzip] deflating: /Users/swopnil/.cache/firebase/emulators/ui-v1.15.0/client/assets/index-BX-A56oj.js
[debug] [2025-05-22T02:57:32.166Z] [unzip] Entry: client/assets/index-CjB9C900.css (compressed_size=35979 bytes, uncompressed_size=298654 bytes)
[debug] [2025-05-22T02:57:32.166Z] [unzip] Processing entry: client/assets/index-CjB9C900.css
[debug] [2025-05-22T02:57:32.166Z] [unzip] else mkdir: /Users/swopnil/.cache/firebase/emulators/ui-v1.15.0/client/assets
[debug] [2025-05-22T02:57:32.166Z] [unzip] deflating: /Users/swopnil/.cache/firebase/emulators/ui-v1.15.0/client/assets/index-CjB9C900.css
[debug] [2025-05-22T02:57:32.167Z] [unzip] Entry: client/assets/index-BX-A56oj.js.map (compressed_size=2362482 bytes, uncompressed_size=10036679 bytes)
[debug] [2025-05-22T02:57:32.167Z] [unzip] Processing entry: client/assets/index-BX-A56oj.js.map
[debug] [2025-05-22T02:57:32.167Z] [unzip] else mkdir: /Users/swopnil/.cache/firebase/emulators/ui-v1.15.0/client/assets
[debug] [2025-05-22T02:57:32.167Z] [unzip] deflating: /Users/swopnil/.cache/firebase/emulators/ui-v1.15.0/client/assets/index-BX-A56oj.js.map
[debug] [2025-05-22T02:57:32.200Z] [unzip] Entry: client/assets/extensions/ (compressed_size=0 bytes, uncompressed_size=0 bytes)
[debug] [2025-05-22T02:57:32.200Z] [unzip] Processing entry: client/assets/extensions/
[debug] [2025-05-22T02:57:32.200Z] [unzip] mkdir: /Users/swopnil/.cache/firebase/emulators/ui-v1.15.0/client/assets/extensions/
[debug] [2025-05-22T02:57:32.200Z] [unzip] Entry: client/assets/extensions/default-extension.png (compressed_size=1646 bytes, uncompressed_size=1657 bytes)
[debug] [2025-05-22T02:57:32.200Z] [unzip] Processing entry: client/assets/extensions/default-extension.png
[debug] [2025-05-22T02:57:32.200Z] [unzip] else mkdir: /Users/swopnil/.cache/firebase/emulators/ui-v1.15.0/client/assets/extensions
[debug] [2025-05-22T02:57:32.201Z] [unzip] deflating: /Users/swopnil/.cache/firebase/emulators/ui-v1.15.0/client/assets/extensions/default-extension.png
[debug] [2025-05-22T02:57:32.201Z] [unzip] Entry: client/assets/img/ (compressed_size=0 bytes, uncompressed_size=0 bytes)
[debug] [2025-05-22T02:57:32.201Z] [unzip] Processing entry: client/assets/img/
[debug] [2025-05-22T02:57:32.201Z] [unzip] mkdir: /Users/swopnil/.cache/firebase/emulators/ui-v1.15.0/client/assets/img/
[debug] [2025-05-22T02:57:32.201Z] [unzip] Entry: client/assets/img/database.png (compressed_size=29449 bytes, uncompressed_size=29988 bytes)
[debug] [2025-05-22T02:57:32.201Z] [unzip] Processing entry: client/assets/img/database.png
[debug] [2025-05-22T02:57:32.201Z] [unzip] else mkdir: /Users/swopnil/.cache/firebase/emulators/ui-v1.15.0/client/assets/img
[debug] [2025-05-22T02:57:32.201Z] [unzip] deflating: /Users/swopnil/.cache/firebase/emulators/ui-v1.15.0/client/assets/img/database.png
[debug] [2025-05-22T02:57:32.202Z] [unzip] Entry: client/assets/provider-icons/ (compressed_size=0 bytes, uncompressed_size=0 bytes)
[debug] [2025-05-22T02:57:32.202Z] [unzip] Processing entry: client/assets/provider-icons/
[debug] [2025-05-22T02:57:32.202Z] [unzip] mkdir: /Users/swopnil/.cache/firebase/emulators/ui-v1.15.0/client/assets/provider-icons/
[debug] [2025-05-22T02:57:32.202Z] [unzip] Entry: client/assets/provider-icons/auth_service_saml.svg (compressed_size=575 bytes, uncompressed_size=1226 bytes)
[debug] [2025-05-22T02:57:32.202Z] [unzip] Processing entry: client/assets/provider-icons/auth_service_saml.svg
[debug] [2025-05-22T02:57:32.202Z] [unzip] else mkdir: /Users/swopnil/.cache/firebase/emulators/ui-v1.15.0/client/assets/provider-icons
[debug] [2025-05-22T02:57:32.202Z] [unzip] deflating: /Users/swopnil/.cache/firebase/emulators/ui-v1.15.0/client/assets/provider-icons/auth_service_saml.svg
[debug] [2025-05-22T02:57:32.202Z] [unzip] Entry: client/assets/provider-icons/auth_service_phone.svg (compressed_size=261 bytes, uncompressed_size=414 bytes)
[debug] [2025-05-22T02:57:32.202Z] [unzip] Processing entry: client/assets/provider-icons/auth_service_phone.svg
[debug] [2025-05-22T02:57:32.202Z] [unzip] else mkdir: /Users/swopnil/.cache/firebase/emulators/ui-v1.15.0/client/assets/provider-icons
[debug] [2025-05-22T02:57:32.202Z] [unzip] deflating: /Users/swopnil/.cache/firebase/emulators/ui-v1.15.0/client/assets/provider-icons/auth_service_phone.svg
[debug] [2025-05-22T02:57:32.202Z] [unzip] Entry: client/assets/provider-icons/auth_service_facebook.svg (compressed_size=289 bytes, uncompressed_size=457 bytes)
[debug] [2025-05-22T02:57:32.202Z] [unzip] Processing entry: client/assets/provider-icons/auth_service_facebook.svg
[debug] [2025-05-22T02:57:32.202Z] [unzip] else mkdir: /Users/swopnil/.cache/firebase/emulators/ui-v1.15.0/client/assets/provider-icons
[debug] [2025-05-22T02:57:32.202Z] [unzip] deflating: /Users/swopnil/.cache/firebase/emulators/ui-v1.15.0/client/assets/provider-icons/auth_service_facebook.svg
[debug] [2025-05-22T02:57:32.203Z] [unzip] Entry: client/assets/provider-icons/auth_service_game_center.svg (compressed_size=991 bytes, uncompressed_size=3921 bytes)
[debug] [2025-05-22T02:57:32.203Z] [unzip] Processing entry: client/assets/provider-icons/auth_service_game_center.svg
[debug] [2025-05-22T02:57:32.203Z] [unzip] else mkdir: /Users/swopnil/.cache/firebase/emulators/ui-v1.15.0/client/assets/provider-icons
[debug] [2025-05-22T02:57:32.203Z] [unzip] deflating: /Users/swopnil/.cache/firebase/emulators/ui-v1.15.0/client/assets/provider-icons/auth_service_game_center.svg
[debug] [2025-05-22T02:57:32.203Z] [unzip] Entry: client/assets/provider-icons/auth_service_apple.svg (compressed_size=230 bytes, uncompressed_size=334 bytes)
[debug] [2025-05-22T02:57:32.203Z] [unzip] Processing entry: client/assets/provider-icons/auth_service_apple.svg
[debug] [2025-05-22T02:57:32.203Z] [unzip] else mkdir: /Users/swopnil/.cache/firebase/emulators/ui-v1.15.0/client/assets/provider-icons
[debug] [2025-05-22T02:57:32.203Z] [unzip] deflating: /Users/swopnil/.cache/firebase/emulators/ui-v1.15.0/client/assets/provider-icons/auth_service_apple.svg
[debug] [2025-05-22T02:57:32.203Z] [unzip] Entry: client/assets/provider-icons/auth_service_github.svg (compressed_size=466 bytes, uncompressed_size=838 bytes)
[debug] [2025-05-22T02:57:32.203Z] [unzip] Processing entry: client/assets/provider-icons/auth_service_github.svg
[debug] [2025-05-22T02:57:32.203Z] [unzip] else mkdir: /Users/swopnil/.cache/firebase/emulators/ui-v1.15.0/client/assets/provider-icons
[debug] [2025-05-22T02:57:32.203Z] [unzip] deflating: /Users/swopnil/.cache/firebase/emulators/ui-v1.15.0/client/assets/provider-icons/auth_service_github.svg
[debug] [2025-05-22T02:57:32.203Z] [unzip] Entry: client/assets/provider-icons/auth_service_mslive.svg (compressed_size=203 bytes, uncompressed_size=378 bytes)
[debug] [2025-05-22T02:57:32.203Z] [unzip] Processing entry: client/assets/provider-icons/auth_service_mslive.svg
[debug] [2025-05-22T02:57:32.203Z] [unzip] else mkdir: /Users/swopnil/.cache/firebase/emulators/ui-v1.15.0/client/assets/provider-icons
[debug] [2025-05-22T02:57:32.204Z] [unzip] deflating: /Users/swopnil/.cache/firebase/emulators/ui-v1.15.0/client/assets/provider-icons/auth_service_mslive.svg
[debug] [2025-05-22T02:57:32.204Z] [unzip] Entry: client/assets/provider-icons/auth_service_yahoo.svg (compressed_size=577 bytes, uncompressed_size=1182 bytes)
[debug] [2025-05-22T02:57:32.204Z] [unzip] Processing entry: client/assets/provider-icons/auth_service_yahoo.svg
[debug] [2025-05-22T02:57:32.204Z] [unzip] else mkdir: /Users/swopnil/.cache/firebase/emulators/ui-v1.15.0/client/assets/provider-icons
[debug] [2025-05-22T02:57:32.204Z] [unzip] deflating: /Users/swopnil/.cache/firebase/emulators/ui-v1.15.0/client/assets/provider-icons/auth_service_yahoo.svg
[debug] [2025-05-22T02:57:32.204Z] [unzip] Entry: client/assets/provider-icons/auth_service_twitter.svg (compressed_size=444 bytes, uncompressed_size=751 bytes)
[debug] [2025-05-22T02:57:32.204Z] [unzip] Processing entry: client/assets/provider-icons/auth_service_twitter.svg
[debug] [2025-05-22T02:57:32.204Z] [unzip] else mkdir: /Users/swopnil/.cache/firebase/emulators/ui-v1.15.0/client/assets/provider-icons
[debug] [2025-05-22T02:57:32.204Z] [unzip] deflating: /Users/swopnil/.cache/firebase/emulators/ui-v1.15.0/client/assets/provider-icons/auth_service_twitter.svg
[debug] [2025-05-22T02:57:32.204Z] [unzip] Entry: client/assets/provider-icons/auth_service_play_games.svg (compressed_size=565 bytes, uncompressed_size=1173 bytes)
[debug] [2025-05-22T02:57:32.204Z] [unzip] Processing entry: client/assets/provider-icons/auth_service_play_games.svg
[debug] [2025-05-22T02:57:32.204Z] [unzip] else mkdir: /Users/swopnil/.cache/firebase/emulators/ui-v1.15.0/client/assets/provider-icons
[debug] [2025-05-22T02:57:32.204Z] [unzip] deflating: /Users/swopnil/.cache/firebase/emulators/ui-v1.15.0/client/assets/provider-icons/auth_service_play_games.svg
[debug] [2025-05-22T02:57:32.204Z] [unzip] Entry: client/assets/provider-icons/auth_service_email.svg (compressed_size=228 bytes, uncompressed_size=326 bytes)
[debug] [2025-05-22T02:57:32.204Z] [unzip] Processing entry: client/assets/provider-icons/auth_service_email.svg
[debug] [2025-05-22T02:57:32.204Z] [unzip] else mkdir: /Users/swopnil/.cache/firebase/emulators/ui-v1.15.0/client/assets/provider-icons
[debug] [2025-05-22T02:57:32.204Z] [unzip] deflating: /Users/swopnil/.cache/firebase/emulators/ui-v1.15.0/client/assets/provider-icons/auth_service_email.svg
[debug] [2025-05-22T02:57:32.205Z] [unzip] Entry: client/assets/provider-icons/auth_service_google.svg (compressed_size=409 bytes, uncompressed_size=720 bytes)
[debug] [2025-05-22T02:57:32.205Z] [unzip] Processing entry: client/assets/provider-icons/auth_service_google.svg
[debug] [2025-05-22T02:57:32.205Z] [unzip] else mkdir: /Users/swopnil/.cache/firebase/emulators/ui-v1.15.0/client/assets/provider-icons
[debug] [2025-05-22T02:57:32.205Z] [unzip] deflating: /Users/swopnil/.cache/firebase/emulators/ui-v1.15.0/client/assets/provider-icons/auth_service_google.svg
[debug] [2025-05-22T02:57:32.205Z] [unzip] Entry: client/assets/provider-icons/auth_service_oidc.svg (compressed_size=414 bytes, uncompressed_size=858 bytes)
[debug] [2025-05-22T02:57:32.205Z] [unzip] Processing entry: client/assets/provider-icons/auth_service_oidc.svg
[debug] [2025-05-22T02:57:32.205Z] [unzip] else mkdir: /Users/swopnil/.cache/firebase/emulators/ui-v1.15.0/client/assets/provider-icons
[debug] [2025-05-22T02:57:32.205Z] [unzip] deflating: /Users/swopnil/.cache/firebase/emulators/ui-v1.15.0/client/assets/provider-icons/auth_service_oidc.svg
[debug] [2025-05-22T02:57:32.205Z] [unzip] Entry: client/browserconfig.xml (compressed_size=491 bytes, uncompressed_size=822 bytes)
[debug] [2025-05-22T02:57:32.205Z] [unzip] Processing entry: client/browserconfig.xml
[debug] [2025-05-22T02:57:32.205Z] [unzip] else mkdir: /Users/swopnil/.cache/firebase/emulators/ui-v1.15.0/client
[debug] [2025-05-22T02:57:32.205Z] [unzip] deflating: /Users/swopnil/.cache/firebase/emulators/ui-v1.15.0/client/browserconfig.xml
[debug] [2025-05-22T02:57:32.206Z] [unzip] Entry: client/favicon-32x32.png (compressed_size=475 bytes, uncompressed_size=475 bytes)
[debug] [2025-05-22T02:57:32.206Z] [unzip] Processing entry: client/favicon-32x32.png
[debug] [2025-05-22T02:57:32.206Z] [unzip] else mkdir: /Users/swopnil/.cache/firebase/emulators/ui-v1.15.0/client
[debug] [2025-05-22T02:57:32.206Z] [unzip] Writing file: /Users/swopnil/.cache/firebase/emulators/ui-v1.15.0/client/favicon-32x32.png
[debug] [2025-05-22T02:57:32.206Z] [unzip] Entry: server/ (compressed_size=0 bytes, uncompressed_size=0 bytes)
[debug] [2025-05-22T02:57:32.206Z] [unzip] Processing entry: server/
[debug] [2025-05-22T02:57:32.206Z] [unzip] mkdir: /Users/swopnil/.cache/firebase/emulators/ui-v1.15.0/server/
[debug] [2025-05-22T02:57:32.206Z] [unzip] Entry: server/server.mjs.map (compressed_size=217845 bytes, uncompressed_size=944978 bytes)
[debug] [2025-05-22T02:57:32.206Z] [unzip] Processing entry: server/server.mjs.map
[debug] [2025-05-22T02:57:32.206Z] [unzip] else mkdir: /Users/swopnil/.cache/firebase/emulators/ui-v1.15.0/server
[debug] [2025-05-22T02:57:32.206Z] [unzip] deflating: /Users/swopnil/.cache/firebase/emulators/ui-v1.15.0/server/server.mjs.map
[debug] [2025-05-22T02:57:32.209Z] [unzip] Entry: server/server.mjs (compressed_size=276407 bytes, uncompressed_size=933701 bytes)
[debug] [2025-05-22T02:57:32.209Z] [unzip] Processing entry: server/server.mjs
[debug] [2025-05-22T02:57:32.209Z] [unzip] else mkdir: /Users/swopnil/.cache/firebase/emulators/ui-v1.15.0/server
[debug] [2025-05-22T02:57:32.209Z] [unzip] deflating: /Users/swopnil/.cache/firebase/emulators/ui-v1.15.0/server/server.mjs
[info] i  functions: Watching "/Users/swopnil/development/intellecta-chat-app/functions" for Cloud Functions... {"metadata":{"emulator":{"name":"functions"},"message":"Watching \"/Users/swopnil/development/intellecta-chat-app/functions\" for Cloud Functions..."}}
[error] ⬢  functions: Failed to load function definition from source: FirebaseError: could not deploy functions because the "functions" directory was not found. Please create it or specify a different source directory in firebase.json {"metadata":{"emulator":{"name":"functions"},"message":"Failed to load function definition from source: FirebaseError: could not deploy functions because the \u001b[1m\"functions\"\u001b[22m directory was not found. Please create it or specify a different source directory in firebase.json"}}
[info] i  functions: Watching "/Users/swopnil/development/intellecta-chat-app/intellecta-chat-app" for Cloud Functions... {"metadata":{"emulator":{"name":"functions"},"message":"Watching \"/Users/swopnil/development/intellecta-chat-app/intellecta-chat-app\" for Cloud Functions..."}}
[debug] [2025-05-22T02:57:32.217Z] Validating nodejs source
[debug] [2025-05-22T02:57:32.594Z] > [functions] package.json contents: {
  "name": "functions",
  "scripts": {
    "lint": "eslint --ext .js,.ts .",
    "build": "tsc",
    "build:watch": "tsc --watch",
    "serve": "npm run build && firebase emulators:start --only functions",
    "shell": "npm run build && firebase functions:shell",
    "start": "npm run shell",
    "deploy": "firebase deploy --only functions",
    "logs": "firebase functions:log"
  },
  "engines": {
    "node": "22"
  },
  "main": "lib/index.js",
  "dependencies": {
    "firebase-admin": "^12.6.0",
    "firebase-functions": "^6.0.1"
  },
  "devDependencies": {
    "@typescript-eslint/eslint-plugin": "^5.12.0",
    "@typescript-eslint/parser": "^5.12.0",
    "eslint": "^8.9.0",
    "eslint-config-google": "^0.14.0",
    "eslint-plugin-import": "^2.25.4",
    "firebase-functions-test": "^3.1.0",
    "typescript": "^4.9.0"
  },
  "private": true
}
[debug] [2025-05-22T02:57:32.595Z] Building nodejs source
[debug] [2025-05-22T02:57:32.595Z] Failed to find version of module node: reached end of search path /Users/swopnil/development/intellecta-chat-app/intellecta-chat-app/node_modules
[info] ✔  functions: Using node@22 from host. 
[debug] [2025-05-22T02:57:32.596Z] Could not find functions.yaml. Must use http discovery
[debug] [2025-05-22T02:57:32.598Z] Found firebase-functions binary at '/Users/swopnil/development/intellecta-chat-app/intellecta-chat-app/node_modules/.bin/firebase-functions'
[info] Serving at port 8628

[debug] [2025-05-22T02:57:32.903Z] Got response from /__/functions.yaml {"endpoints":{"helloWorld":{"availableMemoryMb":null,"timeoutSeconds":null,"minInstances":null,"maxInstances":null,"ingressSettings":null,"concurrency":null,"serviceAccountEmail":null,"vpc":null,"platform":"gcfv2","labels":{},"httpsTrigger":{},"entryPoint":"helloWorld"}},"specVersion":"v1alpha1","requiredAPIs":[],"extensions":{}}
[info] ✔  functions: Loaded functions definitions from source: helloWorld. {"metadata":{"emulator":{"name":"functions"},"message":"Loaded functions definitions from source: helloWorld."}}
[info] ✔  functions[us-central1-helloWorld]: http function initialized (http://127.0.0.1:5001/intellectachatapp/us-central1/helloWorld). {"metadata":{"emulator":{"name":"functions"},"message":"\u001b[1mhttp\u001b[22m function initialized (http://127.0.0.1:5001/intellectachatapp/us-central1/helloWorld)."}}
[debug] [2025-05-22T02:57:36.923Z] Could not find VSCode notification endpoint: FetchError: request to http://localhost:40001/vscode/notify failed, reason: . If you are not running the Firebase Data Connect VSCode extension, this is expected and not an issue.
[info] 
┌─────────────────────────────────────────────────────────────┐
│ ✔  All emulators ready! It is now safe to connect your app. │
│ i  View Emulator UI at http://127.0.0.1:4000/               │
└─────────────────────────────────────────────────────────────┘

┌───────────┬────────────────┬─────────────────────────────────┐
│ Emulator  │ Host:Port      │ View in Emulator UI             │
├───────────┼────────────────┼─────────────────────────────────┤
│ Functions │ 127.0.0.1:5001 │ http://127.0.0.1:4000/functions │
└───────────┴────────────────┴─────────────────────────────────┘
  Emulator Hub host: 127.0.0.1 port: 4400
  Other reserved ports: 4500

Issues? Report them at https://github.com/firebase/firebase-tools/issues and attach the *-debug.log files.
 
[debug] [2025-05-22T02:59:08.926Z] [work-queue] {"queuedWork":["/intellectachatapp/us-central1/helloWorld-2025-05-22T02:59:08.926Z"],"queueLength":1,"runningWork":[],"workRunningCount":0}
[debug] [2025-05-22T02:59:08.926Z] [work-queue] {"queuedWork":[],"queueLength":0,"runningWork":["/intellectachatapp/us-central1/helloWorld-2025-05-22T02:59:08.926Z"],"workRunningCount":1}
[debug] [2025-05-22T02:59:08.927Z] Accepted request GET /intellectachatapp/us-central1/helloWorld --> us-central1-helloWorld
[debug] [2025-05-22T02:59:08.931Z] [functions] Runtime ready! Sending request! {"metadata":{"emulator":{"name":"functions"},"message":"[functions] Runtime ready! Sending request!"}}
[debug] [2025-05-22T02:59:08.931Z] [functions] Got req.url=/intellectachatapp/us-central1/helloWorld, mapping to path=/ {"metadata":{"emulator":{"name":"functions"},"message":"[functions] Got req.url=/intellectachatapp/us-central1/helloWorld, mapping to path=/"}}
[debug] [2025-05-22T02:59:08.934Z] [worker-pool] addWorker(us-central1-helloWorld) {"metadata":{"emulator":{"name":"functions"},"message":"[worker-pool] addWorker(us-central1-helloWorld)"}}
[debug] [2025-05-22T02:59:08.935Z] [worker-pool] Adding worker with key us-central1-helloWorld, total=1 {"metadata":{"emulator":{"name":"functions"},"message":"[worker-pool] Adding worker with key us-central1-helloWorld, total=1"}}
[debug] [2025-05-22T02:59:09.482Z] [runtime-status] [52207] Resolved module firebase-admin {"declared":true,"installed":true,"version":"12.7.0","resolution":"/Users/swopnil/development/intellecta-chat-app/intellecta-chat-app/node_modules/firebase-admin/lib/index.js"} {"metadata":{"emulator":{"name":"functions"},"function":{"name":"us-central1-helloWorld"},"extension":{},"message":"[runtime-status] [52207] Resolved module firebase-admin {\"declared\":true,\"installed\":true,\"version\":\"12.7.0\",\"resolution\":\"/Users/swopnil/development/intellecta-chat-app/intellecta-chat-app/node_modules/firebase-admin/lib/index.js\"}"}}
[debug] [2025-05-22T02:59:09.482Z] [runtime-status] [52207] Resolved module firebase-functions {"declared":true,"installed":true,"version":"6.3.2","resolution":"/Users/swopnil/development/intellecta-chat-app/intellecta-chat-app/node_modules/firebase-functions/lib/v2/index.js"} {"metadata":{"emulator":{"name":"functions"},"function":{"name":"us-central1-helloWorld"},"extension":{},"message":"[runtime-status] [52207] Resolved module firebase-functions {\"declared\":true,\"installed\":true,\"version\":\"6.3.2\",\"resolution\":\"/Users/swopnil/development/intellecta-chat-app/intellecta-chat-app/node_modules/firebase-functions/lib/v2/index.js\"}"}}
[debug] [2025-05-22T02:59:09.482Z] [runtime-status] [52207] Outgoing network have been stubbed. [{"name":"http","status":"mocked"},{"name":"http","status":"mocked"},{"name":"https","status":"mocked"},{"name":"https","status":"mocked"},{"name":"net","status":"mocked"}] {"metadata":{"emulator":{"name":"functions"},"function":{"name":"us-central1-helloWorld"},"extension":{},"message":"[runtime-status] [52207] Outgoing network have been stubbed. [{\"name\":\"http\",\"status\":\"mocked\"},{\"name\":\"http\",\"status\":\"mocked\"},{\"name\":\"https\",\"status\":\"mocked\"},{\"name\":\"https\",\"status\":\"mocked\"},{\"name\":\"net\",\"status\":\"mocked\"}]"}}
[debug] [2025-05-22T02:59:09.483Z] [runtime-status] [52207] Resolved module firebase-functions {"declared":true,"installed":true,"version":"6.3.2","resolution":"/Users/swopnil/development/intellecta-chat-app/intellecta-chat-app/node_modules/firebase-functions/lib/v2/index.js"} {"metadata":{"emulator":{"name":"functions"},"function":{"name":"us-central1-helloWorld"},"extension":{},"message":"[runtime-status] [52207] Resolved module firebase-functions {\"declared\":true,\"installed\":true,\"version\":\"6.3.2\",\"resolution\":\"/Users/swopnil/development/intellecta-chat-app/intellecta-chat-app/node_modules/firebase-functions/lib/v2/index.js\"}"}}
[debug] [2025-05-22T02:59:09.629Z] [runtime-status] [52207] Checked functions.config() {"config":{}} {"metadata":{"emulator":{"name":"functions"},"function":{"name":"us-central1-helloWorld"},"extension":{},"message":"[runtime-status] [52207] Checked functions.config() {\"config\":{}}"}}
[debug] [2025-05-22T02:59:09.630Z] [runtime-status] [52207] firebase-functions has been stubbed. {"functionsResolution":{"declared":true,"installed":true,"version":"6.3.2","resolution":"/Users/swopnil/development/intellecta-chat-app/intellecta-chat-app/node_modules/firebase-functions/lib/v2/index.js"}} {"metadata":{"emulator":{"name":"functions"},"function":{"name":"us-central1-helloWorld"},"extension":{},"message":"[runtime-status] [52207] firebase-functions has been stubbed. {\"functionsResolution\":{\"declared\":true,\"installed\":true,\"version\":\"6.3.2\",\"resolution\":\"/Users/swopnil/development/intellecta-chat-app/intellecta-chat-app/node_modules/firebase-functions/lib/v2/index.js\"}}"}}
[debug] [2025-05-22T02:59:09.630Z] [runtime-status] [52207] Resolved module firebase-functions {"declared":true,"installed":true,"version":"6.3.2","resolution":"/Users/swopnil/development/intellecta-chat-app/intellecta-chat-app/node_modules/firebase-functions/lib/v2/index.js"} {"metadata":{"emulator":{"name":"functions"},"function":{"name":"us-central1-helloWorld"},"extension":{},"message":"[runtime-status] [52207] Resolved module firebase-functions {\"declared\":true,\"installed\":true,\"version\":\"6.3.2\",\"resolution\":\"/Users/swopnil/development/intellecta-chat-app/intellecta-chat-app/node_modules/firebase-functions/lib/v2/index.js\"}"}}
[debug] [2025-05-22T02:59:09.631Z] [runtime-status] [52207] Resolved module firebase-admin {"declared":true,"installed":true,"version":"12.7.0","resolution":"/Users/swopnil/development/intellecta-chat-app/intellecta-chat-app/node_modules/firebase-admin/lib/index.js"} {"metadata":{"emulator":{"name":"functions"},"function":{"name":"us-central1-helloWorld"},"extension":{},"message":"[runtime-status] [52207] Resolved module firebase-admin {\"declared\":true,\"installed\":true,\"version\":\"12.7.0\",\"resolution\":\"/Users/swopnil/development/intellecta-chat-app/intellecta-chat-app/node_modules/firebase-admin/lib/index.js\"}"}}
[debug] [2025-05-22T02:59:09.632Z] [runtime-status] [52207] Resolved module firebase-functions {"declared":true,"installed":true,"version":"6.3.2","resolution":"/Users/swopnil/development/intellecta-chat-app/intellecta-chat-app/node_modules/firebase-functions/lib/v2/index.js"} {"metadata":{"emulator":{"name":"functions"},"function":{"name":"us-central1-helloWorld"},"extension":{},"message":"[runtime-status] [52207] Resolved module firebase-functions {\"declared\":true,\"installed\":true,\"version\":\"6.3.2\",\"resolution\":\"/Users/swopnil/development/intellecta-chat-app/intellecta-chat-app/node_modules/firebase-functions/lib/v2/index.js\"}"}}
[debug] [2025-05-22T02:59:09.633Z] [runtime-status] [52207] firebase-admin has been stubbed. {"adminResolution":{"declared":true,"installed":true,"version":"12.7.0","resolution":"/Users/swopnil/development/intellecta-chat-app/intellecta-chat-app/node_modules/firebase-admin/lib/index.js"}} {"metadata":{"emulator":{"name":"functions"},"function":{"name":"us-central1-helloWorld"},"extension":{},"message":"[runtime-status] [52207] firebase-admin has been stubbed. {\"adminResolution\":{\"declared\":true,\"installed\":true,\"version\":\"12.7.0\",\"resolution\":\"/Users/swopnil/development/intellecta-chat-app/intellecta-chat-app/node_modules/firebase-admin/lib/index.js\"}}"}}
[debug] [2025-05-22T02:59:09.636Z] [runtime-status] [52207] Functions runtime initialized. {"cwd":"/Users/swopnil/development/intellecta-chat-app/intellecta-chat-app","node_version":"22.15.0"} {"metadata":{"emulator":{"name":"functions"},"function":{"name":"us-central1-helloWorld"},"extension":{},"message":"[runtime-status] [52207] Functions runtime initialized. {\"cwd\":\"/Users/swopnil/development/intellecta-chat-app/intellecta-chat-app\",\"node_version\":\"22.15.0\"}"}}
[debug] [2025-05-22T02:59:09.636Z] [runtime-status] [52207] Listening to port: /var/folders/zt/c5lx3tqd55nft2807mpgx7_00000gp/T/fire_emu_f43b60c35c2867f2.sock {"metadata":{"emulator":{"name":"functions"},"function":{"name":"us-central1-helloWorld"},"extension":{},"message":"[runtime-status] [52207] Listening to port: /var/folders/zt/c5lx3tqd55nft2807mpgx7_00000gp/T/fire_emu_f43b60c35c2867f2.sock"}}
[debug] [2025-05-22T02:59:09.650Z] [worker-us-central1-helloWorld-764358aa-e8df-4773-8821-ecbd785de5b9]: IDLE {"metadata":{"emulator":{"name":"functions"},"function":{"name":"us-central1-helloWorld"},"extension":{},"message":"[worker-us-central1-helloWorld-764358aa-e8df-4773-8821-ecbd785de5b9]: IDLE"}}
[debug] [2025-05-22T02:59:09.650Z] [worker-pool] submitRequest(triggerId=us-central1-helloWorld) {"metadata":{"emulator":{"name":"functions"},"message":"[worker-pool] submitRequest(triggerId=us-central1-helloWorld)"}}
[info] i  functions: Beginning execution of "us-central1-helloWorld" {"metadata":{"emulator":{"name":"functions"},"function":{"name":"us-central1-helloWorld"},"extension":{},"message":"Beginning execution of \"us-central1-helloWorld\""}}
[debug] [2025-05-22T02:59:09.651Z] [worker-us-central1-helloWorld-764358aa-e8df-4773-8821-ecbd785de5b9]: BUSY {"metadata":{"emulator":{"name":"functions"},"function":{"name":"us-central1-helloWorld"},"extension":{},"message":"[worker-us-central1-helloWorld-764358aa-e8df-4773-8821-ecbd785de5b9]: BUSY"}}
[info] >  {"structuredData":true,"severity":"INFO","message":"Hello logs!"} {"user":{"structuredData":true,"severity":"INFO","message":"Hello logs!"},"metadata":{"emulator":{"name":"functions"},"function":{"name":"us-central1-helloWorld"},"extension":{},"message":"\u001b[90m> \u001b[39m {\"structuredData\":true,\"severity\":\"INFO\",\"message\":\"Hello logs!\"}"}}
[debug] [2025-05-22T02:59:09.653Z] Finishing up request with event=pause {"metadata":{"emulator":{"name":"functions"},"function":{"name":"us-central1-helloWorld"},"extension":{},"message":"Finishing up request with event=pause"}}
[info] i  functions: Finished "us-central1-helloWorld" in 2.497292ms {"metadata":{"emulator":{"name":"functions"},"function":{"name":"us-central1-helloWorld"},"extension":{},"message":"Finished \"us-central1-helloWorld\" in 2.497292ms"}}
[debug] [2025-05-22T02:59:09.653Z] [worker-us-central1-helloWorld-764358aa-e8df-4773-8821-ecbd785de5b9]: IDLE {"metadata":{"emulator":{"name":"functions"},"function":{"name":"us-central1-helloWorld"},"extension":{},"message":"[worker-us-central1-helloWorld-764358aa-e8df-4773-8821-ecbd785de5b9]: IDLE"}}
[debug] [2025-05-22T02:59:09.653Z] Finishing up request with event=finish {"metadata":{"emulator":{"name":"functions"},"function":{"name":"us-central1-helloWorld"},"extension":{},"message":"Finishing up request with event=finish"}}
[debug] [2025-05-22T02:59:09.653Z] Finishing up request with event=close {"metadata":{"emulator":{"name":"functions"},"function":{"name":"us-central1-helloWorld"},"extension":{},"message":"Finishing up request with event=close"}}
[debug] [2025-05-22T02:59:09.653Z] [work-queue] {"queuedWork":[],"queueLength":0,"runningWork":[],"workRunningCount":0}
[debug] [2025-05-22T02:59:09.705Z] Functions emulator received unknown request at path /favicon.ico
